[debug] > Exec(early(addDefaultCommands), None, None)
[debug] > Exec(addDefaultCommands, None, None)
[debug] > Exec(early(initialize), None, None)
[debug] > Exec(initialize, None, None)
[debug] > Exec(boot, None, None)
[debug] > Exec(writeSbtVersion, None, None)
[debug] > Exec(reload, None, None)
[debug] > Exec(sbtStashOnFailure, None, None)
[debug] > Exec(onFailure loadFailed, None, None)
[debug] > Exec(loadp, None, None)
[info] welcome to sbt 1.6.2 (Amazon.com Inc. Java 1.8.0_322)
[debug]       Load.loadUnit: plugins took 104.5419ms
[debug]       Load.loadUnit: defsScala took 0.407123ms
[debug] [Loading] Scanning directory /home/anatoly/.sbt/1.0/plugins
[debug] [Loading] Found non-root projects 
[debug] [Loading] Done in /home/anatoly/.sbt/1.0/plugins, returning: ()
[debug] deducing auto plugins based on known facts Set(Atom(sbt.plugins.CorePlugin)) and clauses Clauses(Clause(Atom(sbt.plugins.JvmPlugin),Set(Atom(sbt.plugins.IvyPlugin)))
[debug] Clause(Atom(sbt.ScriptedPlugin),Set(Atom(sbt.plugins.JvmPlugin)))
[debug] Clause(Atom(sbt.plugins.SbtPlugin),Set(Atom(sbt.ScriptedPlugin)))
[debug] Clause(Atom(sbt.plugins.SemanticdbPlugin),Set(Atom(sbt.plugins.JvmPlugin)))
[debug] Clause(Atom(sbt.plugins.JUnitXmlReportPlugin),Set(Atom(sbt.plugins.JvmPlugin)))
[debug] Clause(Atom(sbt.plugins.MiniDependencyTreePlugin),Set(Atom(sbt.plugins.JvmPlugin)))
[debug] Clause(Atom(sbt.plugins.CorePlugin),Set(Atom(sbt.plugins.IvyPlugin)))
[debug] Clause(Atom(sbt.plugins.IvyPlugin),Set(Atom(sbt.plugins.JvmPlugin)))
[debug] Clause(Atom(sbt.plugins.JvmPlugin),Set(Atom(sbt.plugins.SemanticdbPlugin)))
[debug] Clause(Atom(sbt.plugins.JvmPlugin),Set(Atom(sbt.plugins.JUnitXmlReportPlugin)))
[debug] Clause(Atom(sbt.plugins.CorePlugin),Set(Atom(sbt.plugins.Giter8TemplatePlugin)))
[debug] Clause(Atom(sbt.plugins.JvmPlugin),Set(Atom(sbt.plugins.MiniDependencyTreePlugin))))
[debug]   :: deduced result: Matched(sbt.plugins.CorePlugin,sbt.plugins.Giter8TemplatePlugin,sbt.plugins.IvyPlugin,sbt.plugins.JvmPlugin,sbt.plugins.MiniDependencyTreePlugin,sbt.plugins.JUnitXmlReportPlugin,sbt.plugins.SemanticdbPlugin)
[debug] Plugins.deducer#function took 15.342857 ms
[debug]           Load.resolveProject(global-plugins) took 39.575762ms
[debug]         Load.loadTransitive: finalizeProject(Project(id global-plugins, base: /home/anatoly/.sbt/1.0/plugins, plugins: List(<none>))) took 149.01888ms
[debug] [Loading] Done in /home/anatoly/.sbt/1.0/plugins, returning: (global-plugins)
[debug]       Load.loadUnit: loadedProjectsRaw took 166.147206ms
[debug]       Load.loadUnit: cleanEvalClasses took 0.215863ms
[debug]     Load.loadUnit(file:/home/anatoly/.sbt/1.0/plugins/, ...) took 281.5102ms
[debug]   Load.apply: load took 457.532971ms
[debug]   Load.apply: resolveProjects took 6.650533ms
[debug]   Load.apply: finalTransforms took 51.03246ms
[debug]   Load.apply: config.delegates took 5.637597ms
[debug]   Load.apply: Def.make(settings)... took 333.232517ms
[debug]   Load.apply: structureIndex took 80.007601ms
[debug]   Load.apply: mkStreams took 1.524974ms
[info] loading global plugins from /home/anatoly/.sbt/1.0/plugins
[debug] Running task... Cancel: Signal, check cycles: false, forcegc: true
[debug] Load.defaultLoad until apply took 3433.315415ms
[debug]           Load.loadUnit: plugins took 11.53112ms
[debug]           Load.loadUnit: defsScala took 0.004454ms
[debug] [Loading] Scanning directory /home/anatoly/projects/scala/Scalagram/project
[debug]             Load.loadUnit: mkEval took 10.036225ms
[debug] [Loading] Found non-root projects 
[debug] [Loading] Done in /home/anatoly/projects/scala/Scalagram/project, returning: ()
[debug] deducing auto plugins based on known facts Set(Atom(sbt.plugins.CorePlugin)) and clauses Clauses(Clause(Atom(sbt.plugins.JvmPlugin),Set(Atom(sbt.plugins.IvyPlugin)))
[debug] Clause(Atom(sbt.ScriptedPlugin),Set(Atom(sbt.plugins.JvmPlugin)))
[debug] Clause(Atom(sbt.plugins.SbtPlugin),Set(Atom(sbt.ScriptedPlugin)))
[debug] Clause(Atom(sbt.plugins.SemanticdbPlugin),Set(Atom(sbt.plugins.JvmPlugin)))
[debug] Clause(Atom(sbt.plugins.JUnitXmlReportPlugin),Set(Atom(sbt.plugins.JvmPlugin)))
[debug] Clause(Atom(sbt.plugins.MiniDependencyTreePlugin),Set(Atom(sbt.plugins.JvmPlugin)))
[debug] Clause(Atom(sbt.plugins.CorePlugin),Set(Atom(sbt.plugins.IvyPlugin)))
[debug] Clause(Atom(sbt.plugins.IvyPlugin),Set(Atom(sbt.plugins.JvmPlugin)))
[debug] Clause(Atom(sbt.plugins.JvmPlugin),Set(Atom(sbt.plugins.SemanticdbPlugin)))
[debug] Clause(Atom(sbt.plugins.JvmPlugin),Set(Atom(sbt.plugins.JUnitXmlReportPlugin)))
[debug] Clause(Atom(sbt.plugins.CorePlugin),Set(Atom(sbt.plugins.Giter8TemplatePlugin)))
[debug] Clause(Atom(sbt.plugins.JvmPlugin),Set(Atom(sbt.plugins.MiniDependencyTreePlugin))))
[debug]   :: deduced result: Matched(sbt.plugins.CorePlugin,sbt.plugins.Giter8TemplatePlugin,sbt.plugins.IvyPlugin,sbt.plugins.JvmPlugin,sbt.plugins.MiniDependencyTreePlugin,sbt.plugins.JUnitXmlReportPlugin,sbt.plugins.SemanticdbPlugin)
[debug] Plugins.deducer#function took 1.777242 ms
[info] loading settings for project scalagram-build from plugins.sbt ...
[debug]               Load.resolveProject(scalagram-build) took 2.271786ms
[debug]             Load.loadTransitive: finalizeProject(Project(id scalagram-build, base: /home/anatoly/projects/scala/Scalagram/project, plugins: List(<none>))) took 4.661728ms
[debug] [Loading] Done in /home/anatoly/projects/scala/Scalagram/project, returning: (scalagram-build)
[debug]           Load.loadUnit: loadedProjectsRaw took 193.374352ms
[debug]           Load.loadUnit: cleanEvalClasses took 3.110758ms
[debug]         Load.loadUnit(file:/home/anatoly/projects/scala/Scalagram/project/, ...) took 208.789408ms
[debug]       Load.apply: load took 209.909415ms
[debug]       Load.apply: resolveProjects took 0.140368ms
[debug]       Load.apply: finalTransforms took 6.364787ms
[debug]       Load.apply: config.delegates took 0.319463ms
[debug]       Load.apply: Def.make(settings)... took 53.835204ms
[debug]       Load.apply: structureIndex took 23.2472ms
[debug]       Load.apply: mkStreams took 0.003404ms
[info] loading project definition from /home/anatoly/projects/scala/Scalagram/project
[debug] Running task... Cancel: Signal, check cycles: false, forcegc: true
[debug]     Load.loadUnit: plugins took 532.466653ms
[debug]     Load.loadUnit: defsScala took 0.002913ms
[debug] [Loading] Scanning directory /home/anatoly/projects/scala/Scalagram
[debug]       Load.loadUnit: mkEval took 0.139639ms
[debug] [Loading] Found root project root w/ remaining 
[debug] deducing auto plugins based on known facts Set(Atom(sbt.plugins.CorePlugin)) and clauses Clauses(Clause(Atom(sbt.plugins.JvmPlugin),Set(Atom(sbt.plugins.IvyPlugin)))
[debug] Clause(Atom(sbt.ScriptedPlugin),Set(Atom(sbt.plugins.JvmPlugin)))
[debug] Clause(Atom(sbt.plugins.SbtPlugin),Set(Atom(sbt.ScriptedPlugin)))
[debug] Clause(Atom(sbt.plugins.SemanticdbPlugin),Set(Atom(sbt.plugins.JvmPlugin)))
[debug] Clause(Atom(sbt.plugins.JUnitXmlReportPlugin),Set(Atom(sbt.plugins.JvmPlugin)))
[debug] Clause(Atom(sbt.plugins.MiniDependencyTreePlugin),Set(Atom(sbt.plugins.JvmPlugin)))
[debug] Clause(Atom(org.scalafmt.sbt.ScalafmtPlugin),Set(Atom(sbt.plugins.JvmPlugin)))
[debug] Clause(Atom(sbt.plugins.CorePlugin),Set(Atom(sbt.plugins.IvyPlugin)))
[debug] Clause(Atom(sbt.plugins.IvyPlugin),Set(Atom(sbt.plugins.JvmPlugin)))
[debug] Clause(Atom(sbt.plugins.JvmPlugin),Set(Atom(sbt.plugins.SemanticdbPlugin)))
[debug] Clause(Atom(sbt.plugins.JvmPlugin),Set(Atom(sbt.plugins.JUnitXmlReportPlugin)))
[debug] Clause(Atom(sbt.plugins.CorePlugin),Set(Atom(sbt.plugins.Giter8TemplatePlugin)))
[debug] Clause(Atom(sbt.plugins.JvmPlugin),Set(Atom(sbt.plugins.MiniDependencyTreePlugin)))
[debug] Clause(Atom(sbt.plugins.JvmPlugin),Set(Atom(org.scalafmt.sbt.ScalafmtPlugin))))
[debug]   :: deduced result: Matched(sbt.plugins.CorePlugin,sbt.plugins.Giter8TemplatePlugin,sbt.plugins.IvyPlugin,sbt.plugins.JvmPlugin,org.scalafmt.sbt.ScalafmtPlugin,sbt.plugins.MiniDependencyTreePlugin,sbt.plugins.JUnitXmlReportPlugin,sbt.plugins.SemanticdbPlugin)
[debug] Plugins.deducer#function took 1.083555 ms
[info] loading settings for project root from build.sbt ...
[debug]         Load.resolveProject(root) took 4.428795ms
[debug]       Load.loadTransitive: finalizeProject(Project(id root, base: /home/anatoly/projects/scala/Scalagram, plugins: List(<none>))) took 6.300712ms
[debug] [Loading] Done in /home/anatoly/projects/scala/Scalagram, returning: (root)
[debug]     Load.loadUnit: loadedProjectsRaw took 57.383513ms
[debug]     Load.loadUnit: cleanEvalClasses took 1.30988ms
[debug]   Load.loadUnit(file:/home/anatoly/projects/scala/Scalagram/, ...) took 591.681644ms
[debug] Load.apply: load took 592.754722ms
[debug] Load.apply: resolveProjects took 0.152512ms
[debug] Load.apply: finalTransforms took 5.424562ms
[debug] Load.apply: config.delegates took 0.278497ms
[debug] Load.apply: Def.make(settings)... took 80.038445ms
[debug] Load.apply: structureIndex took 25.474579ms
[debug] Load.apply: mkStreams took 0.007187ms
[info] set current project to Scalagram (in build file:/home/anatoly/projects/scala/Scalagram/)
[debug] > Exec(sbtPopOnFailure, None, None)
[debug] > Exec(resumeFromFailure, None, None)
[debug] > Exec(notifyUsersAboutShell, None, None)
[debug] > Exec(iflast shell, None, None)
[debug] > Exec(shell, None, None)
[info] sbt server started at local:///home/anatoly/.sbt/1.0/server/9680d32ad8edf9e12c13/sock
[debug] Writing bsp connection file
[info] started sbt server
